Arguments: 
  /usr/local/bin/node /usr/local/Cellar/yarn/1.5.1_1/libexec/bin/yarn.js add chai-http[dev]

PATH: 
  /Users/gatana/google-cloud-sdk/bin:/Users/gatana/bin:/usr/local/bin:/usr/bin:/bin:/usr/sbin:/sbin:/Users/gatana/google-cloud-sdk/bin:/Users/gatana/bin

Yarn version: 
  1.5.1

Node version: 
  9.10.1

Platform: 
  darwin x64

npm manifest: 
  {
    "name": "malijs",
    "version": "1.0.0",
    "description": "",
    "main": "index.js",
    "scripts": {
      "test": "echo \"Error: no test specified\" && exit 1",
      "start": "node app.js"
    },
    "keywords": [],
    "author": "",
    "license": "ISC",
    "dependencies": {
      "koa": "^2.5.0",
      "mali": "^0.7.1"
    }
  }

yarn manifest: 
  No manifest

Lockfile: 
  No lockfile

Trace: 
  Error: Couldn't find package "chai-http[dev]" on the "npm" registry.
      at new MessageError (/usr/local/Cellar/yarn/1.5.1_1/libexec/lib/cli.js:186:110)
      at NpmResolver.<anonymous> (/usr/local/Cellar/yarn/1.5.1_1/libexec/lib/cli.js:51625:15)
      at Generator.next (<anonymous>)
      at step (/usr/local/Cellar/yarn/1.5.1_1/libexec/lib/cli.js:98:30)
      at /usr/local/Cellar/yarn/1.5.1_1/libexec/lib/cli.js:109:13
      at <anonymous>
      at process._tickCallback (internal/process/next_tick.js:118:7)
